  Camera.cpp
  DirectionalLight.cpp
C:\Users\famva\Downloads\ProyectosGrafica\ProyectoFinalCGIHC\ProyectoFinalCGIHC\DirectionalLight.cpp(18,14): warning C4244: 'argumento': conversión de 'GLfloat' a 'GLint'; posible pérdida de datos
C:\Users\famva\Downloads\ProyectosGrafica\ProyectoFinalCGIHC\ProyectoFinalCGIHC\DirectionalLight.cpp(19,14): warning C4244: 'argumento': conversión de 'GLfloat' a 'GLint'; posible pérdida de datos
C:\Users\famva\Downloads\ProyectosGrafica\ProyectoFinalCGIHC\ProyectoFinalCGIHC\DirectionalLight.cpp(21,14): warning C4244: 'argumento': conversión de 'GLfloat' a 'GLint'; posible pérdida de datos
C:\Users\famva\Downloads\ProyectosGrafica\ProyectoFinalCGIHC\ProyectoFinalCGIHC\DirectionalLight.cpp(22,14): warning C4244: 'argumento': conversión de 'GLfloat' a 'GLint'; posible pérdida de datos
  Light.cpp
  Material.cpp
  Mesh_tn.cpp
  Model.cpp
C:\Users\famva\Downloads\ProyectosGrafica\ProyectoFinalCGIHC\ProyectoFinalCGIHC\Model.cpp(17,88): warning C4474: "printf": se pasaron demasiados argumentos para la cadena de formato
      C:\Users\famva\Downloads\ProyectosGrafica\ProyectoFinalCGIHC\ProyectoFinalCGIHC\Model.cpp(17,88):
      los marcadores de posición y sus parámetros esperan 1 argumentos variádicos, pero se proporcionaron 2
  
C:\Users\famva\Downloads\ProyectosGrafica\ProyectoFinalCGIHC\ProyectoFinalCGIHC\Model.cpp(52,7): warning C4804: '<': uso no seguro del tipo 'bool' en la operación
C:\Users\famva\Downloads\ProyectosGrafica\ProyectoFinalCGIHC\ProyectoFinalCGIHC\Model.cpp(52,21): warning C4018: '<': no coinciden signed/unsigned
  PointLight.cpp
C:\Users\famva\Downloads\ProyectosGrafica\ProyectoFinalCGIHC\ProyectoFinalCGIHC\PointLight.cpp(28,14): warning C4244: 'argumento': conversión de 'GLfloat' a 'GLint'; posible pérdida de datos
C:\Users\famva\Downloads\ProyectosGrafica\ProyectoFinalCGIHC\ProyectoFinalCGIHC\PointLight.cpp(29,14): warning C4244: 'argumento': conversión de 'GLfloat' a 'GLint'; posible pérdida de datos
C:\Users\famva\Downloads\ProyectosGrafica\ProyectoFinalCGIHC\ProyectoFinalCGIHC\PointLight.cpp(30,14): warning C4244: 'argumento': conversión de 'GLfloat' a 'GLint'; posible pérdida de datos
C:\Users\famva\Downloads\ProyectosGrafica\ProyectoFinalCGIHC\ProyectoFinalCGIHC\PointLight.cpp(32,14): warning C4244: 'argumento': conversión de 'GLfloat' a 'GLint'; posible pérdida de datos
C:\Users\famva\Downloads\ProyectosGrafica\ProyectoFinalCGIHC\ProyectoFinalCGIHC\PointLight.cpp(33,14): warning C4244: 'argumento': conversión de 'GLfloat' a 'GLint'; posible pérdida de datos
C:\Users\famva\Downloads\ProyectosGrafica\ProyectoFinalCGIHC\ProyectoFinalCGIHC\PointLight.cpp(34,14): warning C4244: 'argumento': conversión de 'GLfloat' a 'GLint'; posible pérdida de datos
C:\Users\famva\Downloads\ProyectosGrafica\ProyectoFinalCGIHC\ProyectoFinalCGIHC\PointLight.cpp(35,14): warning C4244: 'argumento': conversión de 'GLfloat' a 'GLint'; posible pérdida de datos
  practica7.cpp
C:\Users\famva\Downloads\ProyectosGrafica\ProyectoFinalCGIHC\ProyectoFinalCGIHC\Window.h(12,36): warning C4244: 'return': conversión de 'GLint' a 'GLfloat'; posible pérdida de datos
  (compilando archivo de origen "practica7.cpp")
  
C:\Users\famva\Downloads\ProyectosGrafica\ProyectoFinalCGIHC\ProyectoFinalCGIHC\Window.h(13,37): warning C4244: 'return': conversión de 'GLint' a 'GLfloat'; posible pérdida de datos
  (compilando archivo de origen "practica7.cpp")
  
C:\Users\famva\Downloads\ProyectosGrafica\ProyectoFinalCGIHC\ProyectoFinalCGIHC\practica7.cpp(277,15): warning C4244: 'inicializando': conversión de 'double' a 'GLfloat'; posible pérdida de datos
C:\Users\famva\Downloads\ProyectosGrafica\ProyectoFinalCGIHC\ProyectoFinalCGIHC\practica7.cpp(279,33): warning C4244: '+=': conversión de 'double' a 'GLfloat'; posible pérdida de datos
  Shader_light.cpp
C:\Users\famva\Downloads\ProyectosGrafica\ProyectoFinalCGIHC\ProyectoFinalCGIHC\Shader_light.cpp(207,75): warning C4244: 'argumento': conversión de 'GLuint' a 'GLfloat'; posible pérdida de datos
C:\Users\famva\Downloads\ProyectosGrafica\ProyectoFinalCGIHC\ProyectoFinalCGIHC\Shader_light.cpp(207,26): warning C4244: 'argumento': conversión de 'GLuint' a 'GLfloat'; posible pérdida de datos
C:\Users\famva\Downloads\ProyectosGrafica\ProyectoFinalCGIHC\ProyectoFinalCGIHC\Shader_light.cpp(206,91): warning C4244: 'argumento': conversión de 'GLuint' a 'GLfloat'; posible pérdida de datos
C:\Users\famva\Downloads\ProyectosGrafica\ProyectoFinalCGIHC\ProyectoFinalCGIHC\Shader_light.cpp(206,42): warning C4244: 'argumento': conversión de 'GLuint' a 'GLfloat'; posible pérdida de datos
C:\Users\famva\Downloads\ProyectosGrafica\ProyectoFinalCGIHC\ProyectoFinalCGIHC\Shader_light.cpp(220,98): warning C4244: 'argumento': conversión de 'GLuint' a 'GLfloat'; posible pérdida de datos
C:\Users\famva\Downloads\ProyectosGrafica\ProyectoFinalCGIHC\ProyectoFinalCGIHC\Shader_light.cpp(220,62): warning C4244: 'argumento': conversión de 'GLuint' a 'GLfloat'; posible pérdida de datos
C:\Users\famva\Downloads\ProyectosGrafica\ProyectoFinalCGIHC\ProyectoFinalCGIHC\Shader_light.cpp(220,24): warning C4244: 'argumento': conversión de 'GLuint' a 'GLfloat'; posible pérdida de datos
C:\Users\famva\Downloads\ProyectosGrafica\ProyectoFinalCGIHC\ProyectoFinalCGIHC\Shader_light.cpp(219,70): warning C4244: 'argumento': conversión de 'GLuint' a 'GLfloat'; posible pérdida de datos
C:\Users\famva\Downloads\ProyectosGrafica\ProyectoFinalCGIHC\ProyectoFinalCGIHC\Shader_light.cpp(219,24): warning C4244: 'argumento': conversión de 'GLuint' a 'GLfloat'; posible pérdida de datos
C:\Users\famva\Downloads\ProyectosGrafica\ProyectoFinalCGIHC\ProyectoFinalCGIHC\Shader_light.cpp(218,88): warning C4244: 'argumento': conversión de 'GLuint' a 'GLfloat'; posible pérdida de datos
C:\Users\famva\Downloads\ProyectosGrafica\ProyectoFinalCGIHC\ProyectoFinalCGIHC\Shader_light.cpp(218,42): warning C4244: 'argumento': conversión de 'GLuint' a 'GLfloat'; posible pérdida de datos
  Skybox.cpp
  Sphere.cpp
C:\Users\famva\Downloads\ProyectosGrafica\ProyectoFinalCGIHC\ProyectoFinalCGIHC\Sphere.cpp(39,13): warning C4244: 'inicializando': conversión de 'double' a 'float'; posible pérdida de datos
C:\Users\famva\Downloads\ProyectosGrafica\ProyectoFinalCGIHC\ProyectoFinalCGIHC\Sphere.cpp(43,16): warning C4244: 'inicializando': conversión de 'double' a 'float'; posible pérdida de datos
  SpotLight.cpp
  Texture.cpp
  Window.cpp
C:\Users\famva\Downloads\ProyectosGrafica\ProyectoFinalCGIHC\ProyectoFinalCGIHC\Window.h(12,36): warning C4244: 'return': conversión de 'GLint' a 'GLfloat'; posible pérdida de datos
  (compilando archivo de origen "Window.cpp")
  
C:\Users\famva\Downloads\ProyectosGrafica\ProyectoFinalCGIHC\ProyectoFinalCGIHC\Window.h(13,37): warning C4244: 'return': conversión de 'GLint' a 'GLfloat'; posible pérdida de datos
  (compilando archivo de origen "Window.cpp")
  
C:\Users\famva\Downloads\ProyectosGrafica\ProyectoFinalCGIHC\ProyectoFinalCGIHC\Window.cpp(139,22): warning C4244: '=': conversión de 'double' a 'GLfloat'; posible pérdida de datos
C:\Users\famva\Downloads\ProyectosGrafica\ProyectoFinalCGIHC\ProyectoFinalCGIHC\Window.cpp(140,22): warning C4244: '=': conversión de 'double' a 'GLfloat'; posible pérdida de datos
C:\Users\famva\Downloads\ProyectosGrafica\ProyectoFinalCGIHC\ProyectoFinalCGIHC\Window.cpp(144,28): warning C4244: '=': conversión de 'double' a 'GLfloat'; posible pérdida de datos
C:\Users\famva\Downloads\ProyectosGrafica\ProyectoFinalCGIHC\ProyectoFinalCGIHC\Window.cpp(145,40): warning C4244: '=': conversión de 'double' a 'GLfloat'; posible pérdida de datos
C:\Users\famva\Downloads\ProyectosGrafica\ProyectoFinalCGIHC\ProyectoFinalCGIHC\Window.cpp(147,21): warning C4244: '=': conversión de 'double' a 'GLfloat'; posible pérdida de datos
C:\Users\famva\Downloads\ProyectosGrafica\ProyectoFinalCGIHC\ProyectoFinalCGIHC\Window.cpp(148,21): warning C4244: '=': conversión de 'double' a 'GLfloat'; posible pérdida de datos
  Generando código...
C:\Users\famva\Downloads\ProyectosGrafica\ProyectoFinalCGIHC\ProyectoFinalCGIHC\Window.cpp(75,1): warning C4715: 'Window::Initialise': no todas las rutas de acceso de control devuelven un valor
DirectionalLight.obj : error LNK2019: símbolo externo __imp____glewUniform1f sin resolver al que se hace referencia en la función "public: void __thiscall DirectionalLight::UseLight(float,float,float,float)" (?UseLight@DirectionalLight@@QAEXMMMM@Z)
Material.obj : error LNK2001: símbolo externo __imp____glewUniform1f sin resolver
PointLight.obj : error LNK2001: símbolo externo __imp____glewUniform1f sin resolver
SpotLight.obj : error LNK2001: símbolo externo __imp____glewUniform1f sin resolver
DirectionalLight.obj : error LNK2019: símbolo externo __imp____glewUniform3f sin resolver al que se hace referencia en la función "public: void __thiscall DirectionalLight::UseLight(float,float,float,float)" (?UseLight@DirectionalLight@@QAEXMMMM@Z)
PointLight.obj : error LNK2001: símbolo externo __imp____glewUniform3f sin resolver
practica7.obj : error LNK2001: símbolo externo __imp____glewUniform3f sin resolver
SpotLight.obj : error LNK2001: símbolo externo __imp____glewUniform3f sin resolver
Mesh_tn.obj : error LNK2019: símbolo externo __imp____glewBindBuffer sin resolver al que se hace referencia en la función "public: void __thiscall Mesh::CreateMesh(float *,unsigned int *,unsigned int,unsigned int)" (?CreateMesh@Mesh@@QAEXPAMPAIII@Z)
Sphere.obj : error LNK2001: símbolo externo __imp____glewBindBuffer sin resolver
Mesh_tn.obj : error LNK2019: símbolo externo __imp____glewBufferData sin resolver al que se hace referencia en la función "public: void __thiscall Mesh::CreateMesh(float *,unsigned int *,unsigned int,unsigned int)" (?CreateMesh@Mesh@@QAEXPAMPAIII@Z)
Sphere.obj : error LNK2001: símbolo externo __imp____glewBufferData sin resolver
Mesh_tn.obj : error LNK2019: símbolo externo __imp____glewDeleteBuffers sin resolver al que se hace referencia en la función "public: void __thiscall Mesh::ClearMesh(void)" (?ClearMesh@Mesh@@QAEXXZ)
Sphere.obj : error LNK2001: símbolo externo __imp____glewDeleteBuffers sin resolver
Mesh_tn.obj : error LNK2019: símbolo externo __imp____glewGenBuffers sin resolver al que se hace referencia en la función "public: void __thiscall Mesh::CreateMesh(float *,unsigned int *,unsigned int,unsigned int)" (?CreateMesh@Mesh@@QAEXPAMPAIII@Z)
Sphere.obj : error LNK2001: símbolo externo __imp____glewGenBuffers sin resolver
Mesh_tn.obj : error LNK2019: símbolo externo __imp____glewEnableVertexAttribArray sin resolver al que se hace referencia en la función "public: void __thiscall Mesh::CreateMesh(float *,unsigned int *,unsigned int,unsigned int)" (?CreateMesh@Mesh@@QAEXPAMPAIII@Z)
Sphere.obj : error LNK2001: símbolo externo __imp____glewEnableVertexAttribArray sin resolver
Mesh_tn.obj : error LNK2019: símbolo externo __imp____glewVertexAttribPointer sin resolver al que se hace referencia en la función "public: void __thiscall Mesh::CreateMesh(float *,unsigned int *,unsigned int,unsigned int)" (?CreateMesh@Mesh@@QAEXPAMPAIII@Z)
Sphere.obj : error LNK2001: símbolo externo __imp____glewVertexAttribPointer sin resolver
Mesh_tn.obj : error LNK2019: símbolo externo __imp____glewBindVertexArray sin resolver al que se hace referencia en la función "public: void __thiscall Mesh::CreateMesh(float *,unsigned int *,unsigned int,unsigned int)" (?CreateMesh@Mesh@@QAEXPAMPAIII@Z)
Sphere.obj : error LNK2001: símbolo externo __imp____glewBindVertexArray sin resolver
Mesh_tn.obj : error LNK2019: símbolo externo __imp____glewDeleteVertexArrays sin resolver al que se hace referencia en la función "public: void __thiscall Mesh::ClearMesh(void)" (?ClearMesh@Mesh@@QAEXXZ)
Sphere.obj : error LNK2001: símbolo externo __imp____glewDeleteVertexArrays sin resolver
Mesh_tn.obj : error LNK2019: símbolo externo __imp____glewGenVertexArrays sin resolver al que se hace referencia en la función "public: void __thiscall Mesh::CreateMesh(float *,unsigned int *,unsigned int,unsigned int)" (?CreateMesh@Mesh@@QAEXPAMPAIII@Z)
Sphere.obj : error LNK2001: símbolo externo __imp____glewGenVertexArrays sin resolver
practica7.obj : error LNK2019: símbolo externo _glfwWindowShouldClose sin resolver al que se hace referencia en la función "public: bool __thiscall Window::getShouldClose(void)" (?getShouldClose@Window@@QAE_NXZ)
practica7.obj : error LNK2019: símbolo externo _glfwPollEvents sin resolver al que se hace referencia en la función _main
practica7.obj : error LNK2019: símbolo externo _glfwGetTime sin resolver al que se hace referencia en la función _main
practica7.obj : error LNK2019: símbolo externo _glfwSwapBuffers sin resolver al que se hace referencia en la función "public: void __thiscall Window::swapBuffers(void)" (?swapBuffers@Window@@QAEXXZ)
practica7.obj : error LNK2019: símbolo externo __imp____glewUniform3fv sin resolver al que se hace referencia en la función _main
practica7.obj : error LNK2019: símbolo externo __imp____glewUniformMatrix4fv sin resolver al que se hace referencia en la función _main
Skybox.obj : error LNK2001: símbolo externo __imp____glewUniformMatrix4fv sin resolver
practica7.obj : error LNK2019: símbolo externo __imp____glewUseProgram sin resolver al que se hace referencia en la función _main
Shader_light.obj : error LNK2001: símbolo externo __imp____glewUseProgram sin resolver
Shader_light.obj : error LNK2019: símbolo externo __imp____glewAttachShader sin resolver al que se hace referencia en la función "private: void __thiscall Shader::AddShader(unsigned int,char const *,unsigned int)" (?AddShader@Shader@@AAEXIPBDI@Z)
Shader_light.obj : error LNK2019: símbolo externo __imp____glewCompileShader sin resolver al que se hace referencia en la función "private: void __thiscall Shader::AddShader(unsigned int,char const *,unsigned int)" (?AddShader@Shader@@AAEXIPBDI@Z)
Shader_light.obj : error LNK2019: símbolo externo __imp____glewCreateProgram sin resolver al que se hace referencia en la función "private: void __thiscall Shader::CompileShader(char const *,char const *)" (?CompileShader@Shader@@AAEXPBD0@Z)
Shader_light.obj : error LNK2019: símbolo externo __imp____glewCreateShader sin resolver al que se hace referencia en la función "private: void __thiscall Shader::AddShader(unsigned int,char const *,unsigned int)" (?AddShader@Shader@@AAEXIPBDI@Z)
Shader_light.obj : error LNK2019: símbolo externo __imp____glewDeleteProgram sin resolver al que se hace referencia en la función "public: void __thiscall Shader::ClearShader(void)" (?ClearShader@Shader@@QAEXXZ)
Shader_light.obj : error LNK2019: símbolo externo __imp____glewGetProgramInfoLog sin resolver al que se hace referencia en la función "private: void __thiscall Shader::CompileShader(char const *,char const *)" (?CompileShader@Shader@@AAEXPBD0@Z)
Shader_light.obj : error LNK2019: símbolo externo __imp____glewGetProgramiv sin resolver al que se hace referencia en la función "private: void __thiscall Shader::CompileShader(char const *,char const *)" (?CompileShader@Shader@@AAEXPBD0@Z)
Shader_light.obj : error LNK2019: símbolo externo __imp____glewGetShaderInfoLog sin resolver al que se hace referencia en la función "private: void __thiscall Shader::AddShader(unsigned int,char const *,unsigned int)" (?AddShader@Shader@@AAEXIPBDI@Z)
Shader_light.obj : error LNK2019: símbolo externo __imp____glewGetShaderiv sin resolver al que se hace referencia en la función "private: void __thiscall Shader::AddShader(unsigned int,char const *,unsigned int)" (?AddShader@Shader@@AAEXIPBDI@Z)
Shader_light.obj : error LNK2019: símbolo externo __imp____glewGetUniformLocation sin resolver al que se hace referencia en la función "private: void __thiscall Shader::CompileShader(char const *,char const *)" (?CompileShader@Shader@@AAEXPBD0@Z)
Shader_light.obj : error LNK2019: símbolo externo __imp____glewLinkProgram sin resolver al que se hace referencia en la función "private: void __thiscall Shader::CompileShader(char const *,char const *)" (?CompileShader@Shader@@AAEXPBD0@Z)
Shader_light.obj : error LNK2019: símbolo externo __imp____glewShaderSource sin resolver al que se hace referencia en la función "private: void __thiscall Shader::AddShader(unsigned int,char const *,unsigned int)" (?AddShader@Shader@@AAEXIPBDI@Z)
Shader_light.obj : error LNK2019: símbolo externo __imp____glewUniform1i sin resolver al que se hace referencia en la función "public: void __thiscall Shader::SetPointLights(class PointLight *,unsigned int)" (?SetPointLights@Shader@@QAEXPAVPointLight@@I@Z)
Shader_light.obj : error LNK2019: símbolo externo __imp____glewValidateProgram sin resolver al que se hace referencia en la función "private: void __thiscall Shader::CompileShader(char const *,char const *)" (?CompileShader@Shader@@AAEXPBD0@Z)
Skybox.obj : error LNK2019: símbolo externo __imp____glewActiveTexture sin resolver al que se hace referencia en la función "public: void __thiscall Skybox::DrawSkybox(struct glm::mat<4,4,float,0>,struct glm::mat<4,4,float,0>)" (?DrawSkybox@Skybox@@QAEXU?$mat@$03$03M$0A@@glm@@0@Z)
Texture.obj : error LNK2001: símbolo externo __imp____glewActiveTexture sin resolver
Sphere.obj : error LNK2019: símbolo externo __imp____glewDisableVertexAttribArray sin resolver al que se hace referencia en la función "public: virtual __thiscall Sphere::~Sphere(void)" (??1Sphere@@UAE@XZ)
Texture.obj : error LNK2019: símbolo externo __imp____glewGenerateMipmap sin resolver al que se hace referencia en la función "public: bool __thiscall Texture::LoadTexture(void)" (?LoadTexture@Texture@@QAE_NXZ)
Window.obj : error LNK2019: símbolo externo __imp__glewInit@0 sin resolver al que se hace referencia en la función "public: int __thiscall Window::Initialise(void)" (?Initialise@Window@@QAEHXZ)
Window.obj : error LNK2019: símbolo externo _glfwInit sin resolver al que se hace referencia en la función "public: int __thiscall Window::Initialise(void)" (?Initialise@Window@@QAEHXZ)
Window.obj : error LNK2019: símbolo externo _glfwTerminate sin resolver al que se hace referencia en la función "public: __thiscall Window::~Window(void)" (??1Window@@QAE@XZ)
Window.obj : error LNK2019: símbolo externo _glfwWindowHint sin resolver al que se hace referencia en la función "public: int __thiscall Window::Initialise(void)" (?Initialise@Window@@QAEHXZ)
Window.obj : error LNK2019: símbolo externo _glfwCreateWindow sin resolver al que se hace referencia en la función "public: int __thiscall Window::Initialise(void)" (?Initialise@Window@@QAEHXZ)
Window.obj : error LNK2019: símbolo externo _glfwDestroyWindow sin resolver al que se hace referencia en la función "public: __thiscall Window::~Window(void)" (??1Window@@QAE@XZ)
Window.obj : error LNK2019: símbolo externo _glfwSetWindowShouldClose sin resolver al que se hace referencia en la función "private: static void __cdecl Window::ManejaTeclado(struct GLFWwindow *,int,int,int,int)" (?ManejaTeclado@Window@@CAXPAUGLFWwindow@@HHHH@Z)
Window.obj : error LNK2019: símbolo externo _glfwGetFramebufferSize sin resolver al que se hace referencia en la función "public: int __thiscall Window::Initialise(void)" (?Initialise@Window@@QAEHXZ)
Window.obj : error LNK2019: símbolo externo _glfwSetWindowUserPointer sin resolver al que se hace referencia en la función "public: int __thiscall Window::Initialise(void)" (?Initialise@Window@@QAEHXZ)
Window.obj : error LNK2019: símbolo externo _glfwGetWindowUserPointer sin resolver al que se hace referencia en la función "private: static void __cdecl Window::ManejaMouse(struct GLFWwindow *,double,double)" (?ManejaMouse@Window@@CAXPAUGLFWwindow@@NN@Z)
Window.obj : error LNK2019: símbolo externo _glfwSetKeyCallback sin resolver al que se hace referencia en la función "private: void __thiscall Window::createCallbacks(void)" (?createCallbacks@Window@@AAEXXZ)
Window.obj : error LNK2019: símbolo externo _glfwSetCursorPosCallback sin resolver al que se hace referencia en la función "private: void __thiscall Window::createCallbacks(void)" (?createCallbacks@Window@@AAEXXZ)
Window.obj : error LNK2019: símbolo externo _glfwMakeContextCurrent sin resolver al que se hace referencia en la función "public: int __thiscall Window::Initialise(void)" (?Initialise@Window@@QAEHXZ)
Window.obj : error LNK2019: símbolo externo __imp__glewExperimental sin resolver al que se hace referencia en la función "public: int __thiscall Window::Initialise(void)" (?Initialise@Window@@QAEHXZ)
lib\glew32.lib : warning LNK4272: el tipo de máquina de biblioteca 'x64' está en conflicto con el tipo de máquina de destino 'x86'
lib\glfw3.lib : warning LNK4272: el tipo de máquina de biblioteca 'x64' está en conflicto con el tipo de máquina de destino 'x86'
C:\Users\famva\Downloads\ProyectosGrafica\ProyectoFinalCGIHC\ProyectoFinalCGIHC\Debug\ProyectoFinalCGIHC.exe : fatal error LNK1120: 49 externos sin resolver
